2025-06-25 10:49:52 [[31MERROR[39M]: uncaughtException: listen EADDRINUSE: address already in use :::3003
Error: listen EADDRINUSE: address already in use :::3003
    at Server.setupListenHandle [as _listen2] (node:net:1937:16)
    at listenInCluster (node:net:1994:12)
    at Server.listen (node:net:2099:7)
    at Function.listen (C:\Users\DiobarBaez\Documents\shauProjects\erp\backend\erp4.0\node_modules\express\lib\application.js:635:24)
    at createServer (file:///C:/Users/DiobarBaez/Documents/shauProjects/erp/backend/erp4.0/dist/server.js:5:24)
    at file:///C:/Users/DiobarBaez/Documents/shauProjects/erp/backend/erp4.0/dist/index.js:3:20
    at ModuleJob.run (node:internal/modules/esm/module_job:271:25)
    at async onImport.tracePromise.__proto__ (node:internal/modules/esm/loader:578:26)
    at async asyncRunEntryPointWithESMLoader (node:internal/modules/run_main:116:5)
2025-06-25 11:45:34 [[31MERROR[39M]: uncaughtException: Transaction cannot be rolled back because it has been finished with state: rollback
Error: Transaction cannot be rolled back because it has been finished with state: rollback
    at Transaction.rollback (C:\Users\DiobarBaez\Documents\shauProjects\erp\backend\erp4.0\node_modules\sequelize\lib\transaction.js:59:13)
    at createCompleteProduct (file:///C:/Users/DiobarBaez/Documents/shauProjects/erp/backend/erp4.0/dist/modules/features/productions/controllers/ProductsVProduction.controller.js:500:31)
    at process.processTicksAndRejections (node:internal/process/task_queues:105:5)
2025-06-25 14:22:09 [[31MERROR[39M]: uncaughtException: listen EADDRINUSE: address already in use :::3003
Error: listen EADDRINUSE: address already in use :::3003
    at Server.setupListenHandle [as _listen2] (node:net:1937:16)
    at listenInCluster (node:net:1994:12)
    at Server.listen (node:net:2099:7)
    at Function.listen (C:\Users\DiobarBaez\Documents\shauProjects\erp\backend\erp4.0\node_modules\express\lib\application.js:635:24)
    at createServer (file:///C:/Users/DiobarBaez/Documents/shauProjects/erp/backend/erp4.0/dist/server.js:5:24)
    at file:///C:/Users/DiobarBaez/Documents/shauProjects/erp/backend/erp4.0/dist/index.js:3:20
    at ModuleJob.run (node:internal/modules/esm/module_job:271:25)
    at async onImport.tracePromise.__proto__ (node:internal/modules/esm/loader:578:26)
    at async asyncRunEntryPointWithESMLoader (node:internal/modules/run_main:116:5)
2025-06-25 14:22:10 [[31MERROR[39M]: uncaughtException: listen EADDRINUSE: address already in use :::3003
Error: listen EADDRINUSE: address already in use :::3003
    at Server.setupListenHandle [as _listen2] (node:net:1937:16)
    at listenInCluster (node:net:1994:12)
    at Server.listen (node:net:2099:7)
    at Function.listen (C:\Users\DiobarBaez\Documents\shauProjects\erp\backend\erp4.0\node_modules\express\lib\application.js:635:24)
    at createServer (file:///C:/Users/DiobarBaez/Documents/shauProjects/erp/backend/erp4.0/dist/server.js:5:24)
    at file:///C:/Users/DiobarBaez/Documents/shauProjects/erp/backend/erp4.0/dist/index.js:3:20
    at ModuleJob.run (node:internal/modules/esm/module_job:271:25)
    at async onImport.tracePromise.__proto__ (node:internal/modules/esm/loader:578:26)
    at async asyncRunEntryPointWithESMLoader (node:internal/modules/run_main:116:5)
2025-06-25 14:22:39 [[31MERROR[39M]: uncaughtException: listen EADDRINUSE: address already in use :::3003
Error: listen EADDRINUSE: address already in use :::3003
    at Server.setupListenHandle [as _listen2] (node:net:1937:16)
    at listenInCluster (node:net:1994:12)
    at Server.listen (node:net:2099:7)
    at Function.listen (C:\Users\DiobarBaez\Documents\shauProjects\erp\backend\erp4.0\node_modules\express\lib\application.js:635:24)
    at createServer (file:///C:/Users/DiobarBaez/Documents/shauProjects/erp/backend/erp4.0/dist/server.js:5:24)
    at file:///C:/Users/DiobarBaez/Documents/shauProjects/erp/backend/erp4.0/dist/index.js:3:20
    at ModuleJob.run (node:internal/modules/esm/module_job:271:25)
    at async onImport.tracePromise.__proto__ (node:internal/modules/esm/loader:578:26)
    at async asyncRunEntryPointWithESMLoader (node:internal/modules/run_main:116:5)
2025-06-25 16:37:18 [[31MERROR[39M]: uncaughtException: listen EADDRINUSE: address already in use :::3003
Error: listen EADDRINUSE: address already in use :::3003
    at Server.setupListenHandle [as _listen2] (node:net:1937:16)
    at listenInCluster (node:net:1994:12)
    at Server.listen (node:net:2099:7)
    at Function.listen (C:\Users\DiobarBaez\Documents\shauProjects\erp\backend\erp4.0\node_modules\express\lib\application.js:635:24)
    at createServer (file:///C:/Users/DiobarBaez/Documents/shauProjects/erp/backend/erp4.0/dist/server.js:5:24)
    at file:///C:/Users/DiobarBaez/Documents/shauProjects/erp/backend/erp4.0/dist/index.js:3:20
    at ModuleJob.run (node:internal/modules/esm/module_job:271:25)
    at async onImport.tracePromise.__proto__ (node:internal/modules/esm/loader:578:26)
    at async asyncRunEntryPointWithESMLoader (node:internal/modules/run_main:116:5)
