2025-08-15 15:09:43 [[31MERROR[39M]: uncaughtException: Transaction cannot be rolled back because it has been finished with state: rollback
Error: Transaction cannot be rolled back because it has been finished with state: rollback
    at Transaction.rollback (C:\Users\DiobarBaez\Documents\shauProjects\erp\backend\node_modules\sequelize\lib\transaction.js:59:13)
    at updateComplete (file:///C:/Users/DiobarBaez/Documents/shauProjects/erp/backend/dist/modules/features/productions/controllers/PurchasedOrderVProduction.controller.js:1139:31)
    at process.processTicksAndRejections (node:internal/process/task_queues:105:5)
2025-08-15 15:11:29 [[31MERROR[39M]: uncaughtException: Transaction cannot be rolled back because it has been finished with state: rollback
Error: Transaction cannot be rolled back because it has been finished with state: rollback
    at Transaction.rollback (C:\Users\DiobarBaez\Documents\shauProjects\erp\backend\node_modules\sequelize\lib\transaction.js:59:13)
    at updateComplete (file:///C:/Users/DiobarBaez/Documents/shauProjects/erp/backend/dist/modules/features/productions/controllers/PurchasedOrderVProduction.controller.js:1139:31)
    at process.processTicksAndRejections (node:internal/process/task_queues:105:5)
2025-08-15 15:28:58 [[31MERROR[39M]: uncaughtException: Transaction cannot be rolled back because it has been finished with state: rollback
Error: Transaction cannot be rolled back because it has been finished with state: rollback
    at Transaction.rollback (C:\Users\DiobarBaez\Documents\shauProjects\erp\backend\node_modules\sequelize\lib\transaction.js:59:13)
    at updateComplete (file:///C:/Users/DiobarBaez/Documents/shauProjects/erp/backend/dist/modules/features/productions/controllers/PurchasedOrderVProduction.controller.js:1141:31)
    at process.processTicksAndRejections (node:internal/process/task_queues:105:5)
2025-08-15 15:31:50 [[31MERROR[39M]: uncaughtException: Transaction cannot be rolled back because it has been finished with state: rollback
Error: Transaction cannot be rolled back because it has been finished with state: rollback
    at Transaction.rollback (C:\Users\DiobarBaez\Documents\shauProjects\erp\backend\node_modules\sequelize\lib\transaction.js:59:13)
    at updateComplete (file:///C:/Users/DiobarBaez/Documents/shauProjects/erp/backend/dist/modules/features/productions/controllers/PurchasedOrderVProduction.controller.js:1145:31)
    at process.processTicksAndRejections (node:internal/process/task_queues:105:5)
2025-08-15 15:34:48 [[31MERROR[39M]: uncaughtException: Transaction cannot be rolled back because it has been finished with state: rollback
Error: Transaction cannot be rolled back because it has been finished with state: rollback
    at Transaction.rollback (C:\Users\DiobarBaez\Documents\shauProjects\erp\backend\node_modules\sequelize\lib\transaction.js:59:13)
    at updateComplete (file:///C:/Users/DiobarBaez/Documents/shauProjects/erp/backend/dist/modules/features/productions/controllers/PurchasedOrderVProduction.controller.js:1145:31)
    at process.processTicksAndRejections (node:internal/process/task_queues:105:5)
2025-08-15 15:36:57 [[31MERROR[39M]: uncaughtException: Transaction cannot be rolled back because it has been finished with state: rollback
Error: Transaction cannot be rolled back because it has been finished with state: rollback
    at Transaction.rollback (C:\Users\DiobarBaez\Documents\shauProjects\erp\backend\node_modules\sequelize\lib\transaction.js:59:13)
    at updateComplete (file:///C:/Users/DiobarBaez/Documents/shauProjects/erp/backend/dist/modules/features/productions/controllers/PurchasedOrderVProduction.controller.js:1145:31)
    at process.processTicksAndRejections (node:internal/process/task_queues:105:5)
2025-08-15 16:05:34 [[31MERROR[39M]: uncaughtException: Transaction cannot be rolled back because it has been finished with state: commit
Error: Transaction cannot be rolled back because it has been finished with state: commit
    at Transaction.rollback (C:\Users\DiobarBaez\Documents\shauProjects\erp\backend\node_modules\sequelize\lib\transaction.js:59:13)
    at updateComplete (file:///C:/Users/DiobarBaez/Documents/shauProjects/erp/backend/dist/modules/features/productions/controllers/PurchasedOrderVProduction.controller.js:1145:31)
    at process.processTicksAndRejections (node:internal/process/task_queues:105:5)
2025-08-15 16:20:52 [[31MERROR[39M]: uncaughtException: Transaction cannot be rolled back because it has been finished with state: commit
Error: Transaction cannot be rolled back because it has been finished with state: commit
    at Transaction.rollback (C:\Users\DiobarBaez\Documents\shauProjects\erp\backend\node_modules\sequelize\lib\transaction.js:59:13)
    at updateComplete (file:///C:/Users/DiobarBaez/Documents/shauProjects/erp/backend/dist/modules/features/productions/controllers/PurchasedOrderVProduction.controller.js:1145:31)
    at process.processTicksAndRejections (node:internal/process/task_queues:105:5)
2025-08-15 16:21:13 [[31MERROR[39M]: uncaughtException: Transaction cannot be rolled back because it has been finished with state: commit
Error: Transaction cannot be rolled back because it has been finished with state: commit
    at Transaction.rollback (C:\Users\DiobarBaez\Documents\shauProjects\erp\backend\node_modules\sequelize\lib\transaction.js:59:13)
    at updateComplete (file:///C:/Users/DiobarBaez/Documents/shauProjects/erp/backend/dist/modules/features/productions/controllers/PurchasedOrderVProduction.controller.js:1145:31)
    at process.processTicksAndRejections (node:internal/process/task_queues:105:5)
