2025-07-11 16:51:49 [[31MERROR[39M]: uncaughtException: Transaction cannot be rolled back because it has been finished with state: commit
Error: Transaction cannot be rolled back because it has been finished with state: commit
    at Transaction.rollback (C:\Users\Dioba\Desktop\webshauProjects\erp2\backend\erp4.0\node_modules\sequelize\lib\transaction.js:59:13)
    at createComplete (file:///C:/Users/Dioba/Desktop/webshauProjects/erp2/backend/erp4.0/dist/modules/services/logistics/controllers/ShippingOrders.controller.js:506:32)
    at process.processTicksAndRejections (node:internal/process/task_queues:105:5)
2025-07-11 16:59:48 [[31MERROR[39M]: uncaughtException: Transaction cannot be rolled back because it has been finished with state: commit
Error: Transaction cannot be rolled back because it has been finished with state: commit
    at Transaction.rollback (C:\Users\Dioba\Desktop\webshauProjects\erp2\backend\erp4.0\node_modules\sequelize\lib\transaction.js:59:13)
    at createComplete (file:///C:/Users/Dioba/Desktop/webshauProjects/erp2/backend/erp4.0/dist/modules/services/logistics/controllers/ShippingOrders.controller.js:506:32)
    at process.processTicksAndRejections (node:internal/process/task_queues:105:5)
2025-07-11 16:59:50 [[31MERROR[39M]: uncaughtException: Transaction cannot be rolled back because it has been finished with state: commit
Error: Transaction cannot be rolled back because it has been finished with state: commit
    at Transaction.rollback (C:\Users\Dioba\Desktop\webshauProjects\erp2\backend\erp4.0\node_modules\sequelize\lib\transaction.js:59:13)
    at createComplete (file:///C:/Users/Dioba/Desktop/webshauProjects/erp2/backend/erp4.0/dist/modules/services/logistics/controllers/ShippingOrders.controller.js:506:32)
    at process.processTicksAndRejections (node:internal/process/task_queues:105:5)
2025-07-11 17:05:22 [[31MERROR[39M]: uncaughtException: Transaction cannot be rolled back because it has been finished with state: commit
Error: Transaction cannot be rolled back because it has been finished with state: commit
    at Transaction.rollback (C:\Users\Dioba\Desktop\webshauProjects\erp2\backend\erp4.0\node_modules\sequelize\lib\transaction.js:59:13)
    at createComplete (file:///C:/Users/Dioba/Desktop/webshauProjects/erp2/backend/erp4.0/dist/modules/services/logistics/controllers/ShippingOrders.controller.js:506:32)
    at process.processTicksAndRejections (node:internal/process/task_queues:105:5)
