2025-07-03 09:07:48 [[31MERROR[39M]: uncaughtException: listen EADDRINUSE: address already in use :::3003
Error: listen EADDRINUSE: address already in use :::3003
    at Server.setupListenHandle [as _listen2] (node:net:1937:16)
    at listenInCluster (node:net:1994:12)
    at Server.listen (node:net:2099:7)
    at Function.listen (C:\Users\DiobarBaez\Documents\shauProjects\erp\backend\erp4.0\node_modules\express\lib\application.js:635:24)
    at createServer (file:///C:/Users/DiobarBaez/Documents/shauProjects/erp/backend/erp4.0/dist/server.js:5:24)
    at file:///C:/Users/DiobarBaez/Documents/shauProjects/erp/backend/erp4.0/dist/index.js:3:20
    at ModuleJob.run (node:internal/modules/esm/module_job:271:25)
    at async onImport.tracePromise.__proto__ (node:internal/modules/esm/loader:578:26)
    at async asyncRunEntryPointWithESMLoader (node:internal/modules/run_main:116:5)
2025-07-03 09:26:19 [[31MERROR[39M]: uncaughtException: listen EADDRINUSE: address already in use :::3003
Error: listen EADDRINUSE: address already in use :::3003
    at Server.setupListenHandle [as _listen2] (node:net:1937:16)
    at listenInCluster (node:net:1994:12)
    at Server.listen (node:net:2099:7)
    at Function.listen (C:\Users\DiobarBaez\Documents\shauProjects\erp\backend\erp4.0\node_modules\express\lib\application.js:635:24)
    at createServer (file:///C:/Users/DiobarBaez/Documents/shauProjects/erp/backend/erp4.0/dist/server.js:5:24)
    at file:///C:/Users/DiobarBaez/Documents/shauProjects/erp/backend/erp4.0/dist/index.js:3:20
    at ModuleJob.run (node:internal/modules/esm/module_job:271:25)
    at async onImport.tracePromise.__proto__ (node:internal/modules/esm/loader:578:26)
    at async asyncRunEntryPointWithESMLoader (node:internal/modules/run_main:116:5)
2025-07-03 09:41:18 [[31MERROR[39M]: uncaughtException: listen EADDRINUSE: address already in use :::3003
Error: listen EADDRINUSE: address already in use :::3003
    at Server.setupListenHandle [as _listen2] (node:net:1937:16)
    at listenInCluster (node:net:1994:12)
    at Server.listen (node:net:2099:7)
    at Function.listen (C:\Users\DiobarBaez\Documents\shauProjects\erp\backend\erp4.0\node_modules\express\lib\application.js:635:24)
    at createServer (file:///C:/Users/DiobarBaez/Documents/shauProjects/erp/backend/erp4.0/dist/server.js:5:24)
    at file:///C:/Users/DiobarBaez/Documents/shauProjects/erp/backend/erp4.0/dist/index.js:3:20
    at ModuleJob.run (node:internal/modules/esm/module_job:271:25)
    at async onImport.tracePromise.__proto__ (node:internal/modules/esm/loader:578:26)
    at async asyncRunEntryPointWithESMLoader (node:internal/modules/run_main:116:5)
2025-07-03 09:41:38 [[31MERROR[39M]: uncaughtException: listen EADDRINUSE: address already in use :::3003
Error: listen EADDRINUSE: address already in use :::3003
    at Server.setupListenHandle [as _listen2] (node:net:1937:16)
    at listenInCluster (node:net:1994:12)
    at Server.listen (node:net:2099:7)
    at Function.listen (C:\Users\DiobarBaez\Documents\shauProjects\erp\backend\erp4.0\node_modules\express\lib\application.js:635:24)
    at createServer (file:///C:/Users/DiobarBaez/Documents/shauProjects/erp/backend/erp4.0/dist/server.js:5:24)
    at file:///C:/Users/DiobarBaez/Documents/shauProjects/erp/backend/erp4.0/dist/index.js:3:20
    at ModuleJob.run (node:internal/modules/esm/module_job:271:25)
    at async onImport.tracePromise.__proto__ (node:internal/modules/esm/loader:578:26)
    at async asyncRunEntryPointWithESMLoader (node:internal/modules/run_main:116:5)
2025-07-03 09:41:39 [[31MERROR[39M]: uncaughtException: listen EADDRINUSE: address already in use :::3003
Error: listen EADDRINUSE: address already in use :::3003
    at Server.setupListenHandle [as _listen2] (node:net:1937:16)
    at listenInCluster (node:net:1994:12)
    at Server.listen (node:net:2099:7)
    at Function.listen (C:\Users\DiobarBaez\Documents\shauProjects\erp\backend\erp4.0\node_modules\express\lib\application.js:635:24)
    at createServer (file:///C:/Users/DiobarBaez/Documents/shauProjects/erp/backend/erp4.0/dist/server.js:5:24)
    at file:///C:/Users/DiobarBaez/Documents/shauProjects/erp/backend/erp4.0/dist/index.js:3:20
    at ModuleJob.run (node:internal/modules/esm/module_job:271:25)
    at async onImport.tracePromise.__proto__ (node:internal/modules/esm/loader:578:26)
    at async asyncRunEntryPointWithESMLoader (node:internal/modules/run_main:116:5)
2025-07-03 10:37:43 [[31MERROR[39M]: uncaughtException: listen EADDRINUSE: address already in use :::3003
Error: listen EADDRINUSE: address already in use :::3003
    at Server.setupListenHandle [as _listen2] (node:net:1937:16)
    at listenInCluster (node:net:1994:12)
    at Server.listen (node:net:2099:7)
    at Function.listen (C:\Users\DiobarBaez\Documents\shauProjects\erp\backend\erp4.0\node_modules\express\lib\application.js:635:24)
    at createServer (file:///C:/Users/DiobarBaez/Documents/shauProjects/erp/backend/erp4.0/dist/server.js:5:24)
    at file:///C:/Users/DiobarBaez/Documents/shauProjects/erp/backend/erp4.0/dist/index.js:3:20
    at ModuleJob.run (node:internal/modules/esm/module_job:271:25)
    at async onImport.tracePromise.__proto__ (node:internal/modules/esm/loader:578:26)
    at async asyncRunEntryPointWithESMLoader (node:internal/modules/run_main:116:5)
2025-07-03 10:41:36 [[31MERROR[39M]: uncaughtException: listen EADDRINUSE: address already in use :::3003
Error: listen EADDRINUSE: address already in use :::3003
    at Server.setupListenHandle [as _listen2] (node:net:1937:16)
    at listenInCluster (node:net:1994:12)
    at Server.listen (node:net:2099:7)
    at Function.listen (C:\Users\DiobarBaez\Documents\shauProjects\erp\backend\erp4.0\node_modules\express\lib\application.js:635:24)
    at createServer (file:///C:/Users/DiobarBaez/Documents/shauProjects/erp/backend/erp4.0/dist/server.js:5:24)
    at file:///C:/Users/DiobarBaez/Documents/shauProjects/erp/backend/erp4.0/dist/index.js:3:20
    at ModuleJob.run (node:internal/modules/esm/module_job:271:25)
    at async onImport.tracePromise.__proto__ (node:internal/modules/esm/loader:578:26)
    at async asyncRunEntryPointWithESMLoader (node:internal/modules/run_main:116:5)
2025-07-03 11:26:37 [[31MERROR[39M]: uncaughtException: listen EADDRINUSE: address already in use :::3003
Error: listen EADDRINUSE: address already in use :::3003
    at Server.setupListenHandle [as _listen2] (node:net:1937:16)
    at listenInCluster (node:net:1994:12)
    at Server.listen (node:net:2099:7)
    at Function.listen (C:\Users\DiobarBaez\Documents\shauProjects\erp\backend\erp4.0\node_modules\express\lib\application.js:635:24)
    at createServer (file:///C:/Users/DiobarBaez/Documents/shauProjects/erp/backend/erp4.0/dist/server.js:5:24)
    at file:///C:/Users/DiobarBaez/Documents/shauProjects/erp/backend/erp4.0/dist/index.js:3:20
    at ModuleJob.run (node:internal/modules/esm/module_job:271:25)
    at async onImport.tracePromise.__proto__ (node:internal/modules/esm/loader:578:26)
    at async asyncRunEntryPointWithESMLoader (node:internal/modules/run_main:116:5)
2025-07-03 11:26:38 [[31MERROR[39M]: uncaughtException: listen EADDRINUSE: address already in use :::3003
Error: listen EADDRINUSE: address already in use :::3003
    at Server.setupListenHandle [as _listen2] (node:net:1937:16)
    at listenInCluster (node:net:1994:12)
    at Server.listen (node:net:2099:7)
    at Function.listen (C:\Users\DiobarBaez\Documents\shauProjects\erp\backend\erp4.0\node_modules\express\lib\application.js:635:24)
    at createServer (file:///C:/Users/DiobarBaez/Documents/shauProjects/erp/backend/erp4.0/dist/server.js:5:24)
    at file:///C:/Users/DiobarBaez/Documents/shauProjects/erp/backend/erp4.0/dist/index.js:3:20
    at ModuleJob.run (node:internal/modules/esm/module_job:271:25)
    at async onImport.tracePromise.__proto__ (node:internal/modules/esm/loader:578:26)
    at async asyncRunEntryPointWithESMLoader (node:internal/modules/run_main:116:5)
2025-07-03 11:41:38 [[31MERROR[39M]: uncaughtException: listen EADDRINUSE: address already in use :::3003
Error: listen EADDRINUSE: address already in use :::3003
    at Server.setupListenHandle [as _listen2] (node:net:1937:16)
    at listenInCluster (node:net:1994:12)
    at Server.listen (node:net:2099:7)
    at Function.listen (C:\Users\DiobarBaez\Documents\shauProjects\erp\backend\erp4.0\node_modules\express\lib\application.js:635:24)
    at createServer (file:///C:/Users/DiobarBaez/Documents/shauProjects/erp/backend/erp4.0/dist/server.js:5:24)
    at file:///C:/Users/DiobarBaez/Documents/shauProjects/erp/backend/erp4.0/dist/index.js:3:20
    at ModuleJob.run (node:internal/modules/esm/module_job:271:25)
    at async onImport.tracePromise.__proto__ (node:internal/modules/esm/loader:578:26)
    at async asyncRunEntryPointWithESMLoader (node:internal/modules/run_main:116:5)
2025-07-03 11:50:08 [[31MERROR[39M]: uncaughtException: listen EADDRINUSE: address already in use :::3003
Error: listen EADDRINUSE: address already in use :::3003
    at Server.setupListenHandle [as _listen2] (node:net:1937:16)
    at listenInCluster (node:net:1994:12)
    at Server.listen (node:net:2099:7)
    at Function.listen (C:\Users\DiobarBaez\Documents\shauProjects\erp\backend\erp4.0\node_modules\express\lib\application.js:635:24)
    at createServer (file:///C:/Users/DiobarBaez/Documents/shauProjects/erp/backend/erp4.0/dist/server.js:5:24)
    at file:///C:/Users/DiobarBaez/Documents/shauProjects/erp/backend/erp4.0/dist/index.js:3:20
    at ModuleJob.run (node:internal/modules/esm/module_job:271:25)
    at async onImport.tracePromise.__proto__ (node:internal/modules/esm/loader:578:26)
    at async asyncRunEntryPointWithESMLoader (node:internal/modules/run_main:116:5)
2025-07-03 12:03:59 [[31MERROR[39M]: uncaughtException: listen EADDRINUSE: address already in use :::3003
Error: listen EADDRINUSE: address already in use :::3003
    at Server.setupListenHandle [as _listen2] (node:net:1937:16)
    at listenInCluster (node:net:1994:12)
    at Server.listen (node:net:2099:7)
    at Function.listen (C:\Users\DiobarBaez\Documents\shauProjects\erp\backend\erp4.0\node_modules\express\lib\application.js:635:24)
    at createServer (file:///C:/Users/DiobarBaez/Documents/shauProjects/erp/backend/erp4.0/dist/server.js:5:24)
    at file:///C:/Users/DiobarBaez/Documents/shauProjects/erp/backend/erp4.0/dist/index.js:3:20
    at ModuleJob.run (node:internal/modules/esm/module_job:271:25)
    at async onImport.tracePromise.__proto__ (node:internal/modules/esm/loader:578:26)
    at async asyncRunEntryPointWithESMLoader (node:internal/modules/run_main:116:5)
