2025-09-15 08:21:16 [[31MERROR[39M]: uncaughtException: Cannot add or update a child row: a foreign key constraint fails (`u482698715_shau_erp`.`inventory_movements`, CONSTRAINT `inventory_movements_ibfk_1` FOREIGN KEY (`location_id`) REFERENCES `locations` (`id`) ON DELETE SET NULL)
Error
    at Query.run (C:\Users\DiobarBaez\Documents\shauProjects\erp\backend\node_modules\sequelize\lib\dialects\mysql\query.js:52:25)
    at C:\Users\DiobarBaez\Documents\shauProjects\erp\backend\node_modules\sequelize\lib\sequelize.js:315:28
    at process.processTicksAndRejections (node:internal/process/task_queues:105:5)
    at async create (file:///C:/Users/DiobarBaez/Documents/shauProjects/erp/backend/dist/modules/features/productions/controllers/ProductionOrder.controller.js:339:17)
2025-09-15 09:51:33 [[31MERROR[39M]: uncaughtException: Cannot add or update a child row: a foreign key constraint fails (`u482698715_shau_erp`.`inventory_movements`, CONSTRAINT `inventory_movements_ibfk_1` FOREIGN KEY (`location_id`) REFERENCES `locations` (`id`) ON DELETE SET NULL)
Error
    at Query.run (C:\Users\DiobarBaez\Documents\shauProjects\erp\backend\node_modules\sequelize\lib\dialects\mysql\query.js:52:25)
    at C:\Users\DiobarBaez\Documents\shauProjects\erp\backend\node_modules\sequelize\lib\sequelize.js:315:28
    at process.processTicksAndRejections (node:internal/process/task_queues:105:5)
    at async create (file:///C:/Users/DiobarBaez/Documents/shauProjects/erp/backend/dist/modules/features/productions/controllers/ProductionOrder.controller.js:339:17)
2025-09-15 09:53:43 [[31MERROR[39M]: uncaughtException: Cannot add or update a child row: a foreign key constraint fails (`u482698715_shau_erp`.`inventory_movements`, CONSTRAINT `inventory_movements_ibfk_1` FOREIGN KEY (`location_id`) REFERENCES `locations` (`id`) ON DELETE SET NULL)
Error
    at Query.run (C:\Users\DiobarBaez\Documents\shauProjects\erp\backend\node_modules\sequelize\lib\dialects\mysql\query.js:52:25)
    at C:\Users\DiobarBaez\Documents\shauProjects\erp\backend\node_modules\sequelize\lib\sequelize.js:315:28
    at process.processTicksAndRejections (node:internal/process/task_queues:105:5)
    at async create (file:///C:/Users/DiobarBaez/Documents/shauProjects/erp/backend/dist/modules/features/productions/controllers/ProductionOrder.controller.js:339:17)
2025-09-15 09:56:53 [[31MERROR[39M]: uncaughtException: Cannot add or update a child row: a foreign key constraint fails (`u482698715_shau_erp`.`inventory_movements`, CONSTRAINT `inventory_movements_ibfk_1` FOREIGN KEY (`location_id`) REFERENCES `locations` (`id`) ON DELETE SET NULL)
Error
    at Query.run (C:\Users\DiobarBaez\Documents\shauProjects\erp\backend\node_modules\sequelize\lib\dialects\mysql\query.js:52:25)
    at C:\Users\DiobarBaez\Documents\shauProjects\erp\backend\node_modules\sequelize\lib\sequelize.js:315:28
    at process.processTicksAndRejections (node:internal/process/task_queues:105:5)
    at async create (file:///C:/Users/DiobarBaez/Documents/shauProjects/erp/backend/dist/modules/features/productions/controllers/ProductionOrder.controller.js:342:17)
2025-09-15 10:01:49 [[31MERROR[39M]: uncaughtException: Cannot add or update a child row: a foreign key constraint fails (`u482698715_shau_erp`.`inventory_movements`, CONSTRAINT `inventory_movements_ibfk_1` FOREIGN KEY (`location_id`) REFERENCES `locations` (`id`) ON DELETE SET NULL)
Error
    at Query.run (C:\Users\DiobarBaez\Documents\shauProjects\erp\backend\node_modules\sequelize\lib\dialects\mysql\query.js:52:25)
    at C:\Users\DiobarBaez\Documents\shauProjects\erp\backend\node_modules\sequelize\lib\sequelize.js:315:28
    at process.processTicksAndRejections (node:internal/process/task_queues:105:5)
    at async create (file:///C:/Users/DiobarBaez/Documents/shauProjects/erp/backend/dist/modules/features/productions/controllers/ProductionOrder.controller.js:342:17)
